2019-12-06 11:28:12,901 - lmctl.cli.lifecycle - ERROR - Could not find project file at path: ./lmproject.yml
Traceback (most recent call last):
  File "/home/brian/.local/lib/python3.6/site-packages/lmctl/cli/lifecycle.py", line 56, in open_project
    return project_sources.Project(project_path)
  File "/home/brian/.local/lib/python3.6/site-packages/lmctl/project/source/core.py", line 125, in __init__
    config = self.__read_project_file(tree)
  File "/home/brian/.local/lib/python3.6/site-packages/lmctl/project/source/core.py", line 131, in __read_project_file
    raise InvalidProjectError('Could not find project file at path: {0}'.format(project_file_path))
lmctl.project.source.core.InvalidProjectError: Could not find project file at path: ./lmproject.yml
2019-12-06 11:28:12,901 - lmctl.cli.lifecycle - ERROR - Could not find project file at path: ./lmproject.yml
Traceback (most recent call last):
  File "/home/brian/.local/lib/python3.6/site-packages/lmctl/cli/lifecycle.py", line 56, in open_project
    return project_sources.Project(project_path)
  File "/home/brian/.local/lib/python3.6/site-packages/lmctl/project/source/core.py", line 125, in __init__
    config = self.__read_project_file(tree)
  File "/home/brian/.local/lib/python3.6/site-packages/lmctl/project/source/core.py", line 131, in __read_project_file
    raise InvalidProjectError('Could not find project file at path: {0}'.format(project_file_path))
lmctl.project.source.core.InvalidProjectError: Could not find project file at path: ./lmproject.yml
2019-12-06 11:40:12,056 - lmctl.cli.lifecycle - ERROR - Could not find project file at path: ./lmproject.yml
Traceback (most recent call last):
  File "/home/brian/.local/lib/python3.6/site-packages/lmctl/cli/lifecycle.py", line 56, in open_project
    return project_sources.Project(project_path)
  File "/home/brian/.local/lib/python3.6/site-packages/lmctl/project/source/core.py", line 125, in __init__
    config = self.__read_project_file(tree)
  File "/home/brian/.local/lib/python3.6/site-packages/lmctl/project/source/core.py", line 131, in __read_project_file
    raise InvalidProjectError('Could not find project file at path: {0}'.format(project_file_path))
lmctl.project.source.core.InvalidProjectError: Could not find project file at path: ./lmproject.yml
2019-12-06 11:40:12,056 - lmctl.cli.lifecycle - ERROR - Could not find project file at path: ./lmproject.yml
Traceback (most recent call last):
  File "/home/brian/.local/lib/python3.6/site-packages/lmctl/cli/lifecycle.py", line 56, in open_project
    return project_sources.Project(project_path)
  File "/home/brian/.local/lib/python3.6/site-packages/lmctl/project/source/core.py", line 125, in __init__
    config = self.__read_project_file(tree)
  File "/home/brian/.local/lib/python3.6/site-packages/lmctl/project/source/core.py", line 131, in __read_project_file
    raise InvalidProjectError('Could not find project file at path: {0}'.format(project_file_path))
lmctl.project.source.core.InvalidProjectError: Could not find project file at path: ./lmproject.yml
2019-12-06 11:54:04,613 - lmctl.cli.lifecycle - ERROR - Could not find project file at path: ./lmproject.yml
Traceback (most recent call last):
  File "/home/brian/.local/lib/python3.6/site-packages/lmctl/cli/lifecycle.py", line 56, in open_project
    return project_sources.Project(project_path)
  File "/home/brian/.local/lib/python3.6/site-packages/lmctl/project/source/core.py", line 125, in __init__
    config = self.__read_project_file(tree)
  File "/home/brian/.local/lib/python3.6/site-packages/lmctl/project/source/core.py", line 131, in __read_project_file
    raise InvalidProjectError('Could not find project file at path: {0}'.format(project_file_path))
lmctl.project.source.core.InvalidProjectError: Could not find project file at path: ./lmproject.yml
2019-12-06 11:54:04,613 - lmctl.cli.lifecycle - ERROR - Could not find project file at path: ./lmproject.yml
Traceback (most recent call last):
  File "/home/brian/.local/lib/python3.6/site-packages/lmctl/cli/lifecycle.py", line 56, in open_project
    return project_sources.Project(project_path)
  File "/home/brian/.local/lib/python3.6/site-packages/lmctl/project/source/core.py", line 125, in __init__
    config = self.__read_project_file(tree)
  File "/home/brian/.local/lib/python3.6/site-packages/lmctl/project/source/core.py", line 131, in __read_project_file
    raise InvalidProjectError('Could not find project file at path: {0}'.format(project_file_path))
lmctl.project.source.core.InvalidProjectError: Could not find project file at path: ./lmproject.yml
